# JRE version: OpenJDK Runtime Environment (17.0.6) (build 17.0.6+0-b2043.56-9586694)
# Java VM: OpenJDK 64-Bit Server VM (17.0.6+0-b2043.56-9586694, mixed mode, tiered, compressed oops, compressed class ptrs, g1 gc, windows-amd64)
GC Precious Log:
 CPUs: 4 total, 4 available
 Memory: 3530M
 Large Page Support: Disabled
 NUMA Support: Disabled
 Compressed Oops: Enabled (32-bit)
 Heap Region Size: 1M
 Heap Min Capacity: 8M
 Heap Initial Capacity: 56M
 Heap Max Capacity: 2G
 Pre-touch: Disabled
 Parallel Workers: 4
 Concurrent Workers: 1
 Concurrent Refinement Workers: 4
 Periodic GC: Disabled
Heap:
 garbage-first heap   total 368640K, used 116753K [0x0000000080000000, 0x0000000100000000)
  region size 1024K, 3 young (3072K), 3 survivors (3072K)
 Metaspace       used 111344K, committed 112128K, reserved 1146880K
  class space    used 15326K, committed 15680K, reserved 1048576K
GC Heap History (20 events):
Event: 60.455 GC heap after
{Heap after GC invocations=49 (full 0):
 garbage-first heap   total 368640K, used 95353K [0x0000000080000000, 0x0000000100000000)
  region size 1024K, 4 young (4096K), 4 survivors (4096K)
 Metaspace       used 92115K, committed 92800K, reserved 1130496K
  class space    used 12542K, committed 12800K, reserved 1048576K
}
Event: 824.934 GC heap before
{Heap before GC invocations=49 (full 0):
 garbage-first heap   total 368640K, used 245881K [0x0000000080000000, 0x0000000100000000)
  region size 1024K, 134 young (137216K), 4 survivors (4096K)
 Metaspace       used 108537K, committed 109312K, reserved 1146880K
  class space    used 14992K, committed 15360K, reserved 1048576K
}
Event: 828.415 GC heap after
{Heap after GC invocations=50 (full 0):
 garbage-first heap   total 368640K, used 100985K [0x0000000080000000, 0x0000000100000000)
  region size 1024K, 9 young (9216K), 9 survivors (9216K)
 Metaspace       used 108537K, committed 109312K, reserved 1146880K
  class space    used 14992K, committed 15360K, reserved 1048576K
}
Event: 1234.930 GC heap before
{Heap before GC invocations=50 (full 0):
 garbage-first heap   total 368640K, used 110201K [0x0000000080000000, 0x0000000100000000)
  region size 1024K, 18 young (18432K), 9 survivors (9216K)
 Metaspace       used 108573K, committed 109376K, reserved 1146880K
  class space    used 14992K, committed 15360K, reserved 1048576K
}
Event: 1235.317 GC heap after
{Heap after GC invocations=51 (full 0):
 garbage-first heap   total 368640K, used 101760K [0x0000000080000000, 0x0000000100000000)
  region size 1024K, 1 young (1024K), 1 survivors (1024K)
 Metaspace       used 108573K, committed 109376K, reserved 1146880K
  class space    used 14992K, committed 15360K, reserved 1048576K
}
Event: 1728.177 GC heap before
{Heap before GC invocations=51 (full 0):
 garbage-first heap   total 368640K, used 118144K [0x0000000080000000, 0x0000000100000000)
  region size 1024K, 18 young (18432K), 1 survivors (1024K)
 Metaspace       used 108722K, committed 109504K, reserved 1146880K
  class space    used 15005K, committed 15360K, reserved 1048576K
}
Event: 1728.357 GC heap after
{Heap after GC invocations=52 (full 0):
 garbage-first heap   total 368640K, used 102443K [0x0000000080000000, 0x0000000100000000)
  region size 1024K, 2 young (2048K), 2 survivors (2048K)
 Metaspace       used 108722K, committed 109504K, reserved 1146880K
  class space    used 15005K, committed 15360K, reserved 1048576K
}
Event: 1734.222 GC heap before
{Heap before GC invocations=52 (full 0):
 garbage-first heap   total 368640K, used 117803K [0x0000000080000000, 0x0000000100000000)
  region size 1024K, 18 young (18432K), 2 survivors (2048K)
 Metaspace       used 108890K, committed 109632K, reserved 1146880K
  class space    used 15010K, committed 15360K, reserved 1048576K
}
Event: 1734.250 GC heap after
{Heap after GC invocations=53 (full 0):
 garbage-first heap   total 368640K, used 103490K [0x0000000080000000, 0x0000000100000000)
  region size 1024K, 3 young (3072K), 3 survivors (3072K)
 Metaspace       used 108890K, committed 109632K, reserved 1146880K
  class space    used 15010K, committed 15360K, reserved 1048576K
}
Event: 1736.194 GC heap before
{Heap before GC invocations=53 (full 0):
 garbage-first heap   total 368640K, used 110658K [0x0000000080000000, 0x0000000100000000)
  region size 1024K, 11 young (11264K), 3 survivors (3072K)
 Metaspace       used 108987K, committed 109696K, reserved 1146880K
  class space    used 15011K, committed 15360K, reserved 1048576K
}
Event: 1736.444 GC heap after
{Heap after GC invocations=54 (full 0):
 garbage-first heap   total 368640K, used 105249K [0x0000000080000000, 0x0000000100000000)
  region size 1024K, 3 young (3072K), 3 survivors (3072K)
 Metaspace       used 108987K, committed 109696K, reserved 1146880K
  class space    used 15011K, committed 15360K, reserved 1048576K
}
Event: 1740.235 GC heap before
{Heap before GC invocations=54 (full 0):
 garbage-first heap   total 368640K, used 119585K [0x0000000080000000, 0x0000000100000000)
  region size 1024K, 18 young (18432K), 3 survivors (3072K)
 Metaspace       used 109121K, committed 109952K, reserved 1146880K
  class space    used 15019K, committed 15424K, reserved 1048576K
}
Event: 1740.855 GC heap after
{Heap after GC invocations=55 (full 0):
 garbage-first heap   total 368640K, used 107267K [0x0000000080000000, 0x0000000100000000)
  region size 1024K, 2 young (2048K), 2 survivors (2048K)
 Metaspace       used 109121K, committed 109952K, reserved 1146880K
  class space    used 15019K, committed 15424K, reserved 1048576K
}
Event: 1746.723 GC heap before
{Heap before GC invocations=55 (full 0):
 garbage-first heap   total 368640K, used 122627K [0x0000000080000000, 0x0000000100000000)
  region size 1024K, 18 young (18432K), 2 survivors (2048K)
 Metaspace       used 109180K, committed 110016K, reserved 1146880K
  class space    used 15021K, committed 15424K, reserved 1048576K
}
Event: 1746.751 GC heap after
{Heap after GC invocations=56 (full 0):
 garbage-first heap   total 368640K, used 109291K [0x0000000080000000, 0x0000000100000000)
  region size 1024K, 2 young (2048K), 2 survivors (2048K)
 Metaspace       used 109180K, committed 110016K, reserved 1146880K
  class space    used 15021K, committed 15424K, reserved 1048576K
}
Event: 1749.311 GC heap before
{Heap before GC invocations=57 (full 0):
 garbage-first heap   total 368640K, used 124651K [0x0000000080000000, 0x0000000100000000)
  region size 1024K, 18 young (18432K), 2 survivors (2048K)
 Metaspace       used 109553K, committed 110336K, reserved 1146880K
  class space    used 15077K, committed 15424K, reserved 1048576K
}
Event: 1749.390 GC heap after
{Heap after GC invocations=58 (full 0):
 garbage-first heap   total 368640K, used 112307K [0x0000000080000000, 0x0000000100000000)
  region size 1024K, 3 young (3072K), 3 survivors (3072K)
 Metaspace       used 109553K, committed 110336K, reserved 1146880K
  class space    used 15077K, committed 15424K, reserved 1048576K
}
Event: 1749.771 GC heap before
{Heap before GC invocations=58 (full 0):
 garbage-first heap   total 368640K, used 127667K [0x0000000080000000, 0x0000000100000000)
  region size 1024K, 18 young (18432K), 3 survivors (3072K)
 Metaspace       used 109553K, committed 110336K, reserved 1146880K
  class space    used 15077K, committed 15424K, reserved 1048576K
}
Event: 1749.824 GC heap after
{Heap after GC invocations=59 (full 0):
 garbage-first heap   total 368640K, used 114961K [0x0000000080000000, 0x0000000100000000)
  region size 1024K, 3 young (3072K), 3 survivors (3072K)
 Metaspace       used 109553K, committed 110336K, reserved 1146880K
  class space    used 15077K, committed 15424K, reserved 1048576K
}
Event: 1752.695 GC heap before
{Heap before GC invocations=59 (full 0):
 garbage-first heap   total 368640K, used 129297K [0x0000000080000000, 0x0000000100000000)
  region size 1024K, 18 young (18432K), 3 survivors (3072K)
 Metaspace       used 111344K, committed 112128K, reserved 1146880K
  class space    used 15326K, committed 15680K, reserved 1048576K
}

